<?xml version="1.0" encoding="UTF-8"?>
<testng-results ignored="0" total="2" passed="2" failed="0" skipped="0">
  <reporter-output>
  </reporter-output>
  <suite started-at="2021-08-07T16:45:54Z" name="Default suite" finished-at="2021-08-07T16:46:08Z" duration-ms="13792">
    <groups>
    </groups>
    <test started-at="2021-08-07T16:45:54Z" name="Default test" finished-at="2021-08-07T16:46:08Z" duration-ms="13792">
      <class name="org.phptravel.usingtestng.Signuppage">
        <test-method is-config="true" signature="precondition()[pri:0, instance:org.phptravel.usingtestng.Signuppage@41294f8]" started-at="2021-08-07T22:15:54Z" name="precondition" finished-at="2021-08-07T22:16:00Z" duration-ms="5831" status="PASS">
          <reporter-output>
          </reporter-output>
        </test-method> <!-- precondition -->
        <test-method signature="openurl()[pri:1, instance:org.phptravel.usingtestng.Signuppage@41294f8]" started-at="2021-08-07T22:16:00Z" name="openurl" finished-at="2021-08-07T22:16:05Z" duration-ms="4577" status="PASS">
          <reporter-output>
          </reporter-output>
        </test-method> <!-- openurl -->
        <test-method signature="fill_signup_page()[pri:2, instance:org.phptravel.usingtestng.Signuppage@41294f8]" started-at="2021-08-07T22:16:05Z" name="fill_signup_page" finished-at="2021-08-07T22:16:08Z" duration-ms="3340" status="PASS">
          <reporter-output>
          </reporter-output>
        </test-method> <!-- fill_signup_page -->
      </class> <!-- org.phptravel.usingtestng.Signuppage -->
    </test> <!-- Default test -->
  </suite> <!-- Default suite -->
</testng-results>
